  ParabolicIBVPSolver.cpp
c:\cppsource\charmander\parabolicbvpisolver\bvpappr\tridiagonal_matrix.h(9): error C2011: 'tridiagonal_matrix': 'class' type redefinition
  c:\cppsource\charmander\parabolicbvpisolver\bvpappr\tridiagonal_matrix.h(9): note: see declaration of 'tridiagonal_matrix'
c:\cppsource\charmander\parabolicbvpisolver\bvpappr\twopointbvpappr.h(10): error C2011: 'TwoPointBVPAppr': 'class' type redefinition
  c:\cppsource\charmander\parabolicbvpisolver\bvpappr\twopointbvpappr.h(10): note: see declaration of 'TwoPointBVPAppr'
c:\cppsource\charmander\parabolicbvpisolver\bvpappr\parabolicibvpsolver.cpp(10): error C2027: use of undefined type 'TwoPointBVPAppr'
  c:\cppsource\charmander\parabolicbvpisolver\bvpappr\twopointbvpappr.h(10): note: see declaration of 'TwoPointBVPAppr'
c:\cppsource\charmander\parabolicbvpisolver\bvpappr\parabolicibvpsolver.cpp(10): error C2227: left of '->calcDiffusion' must point to class/struct/union/generic type
c:\cppsource\charmander\parabolicbvpisolver\bvpappr\parabolicibvpsolver.cpp(15): warning C4150: deletion of pointer to incomplete type 'tridiagonal_matrix'; no destructor called
  c:\cppsource\charmander\parabolicbvpisolver\bvpappr\tridiagonal_matrix.h(9): note: see declaration of 'tridiagonal_matrix'
c:\cppsource\charmander\parabolicbvpisolver\bvpappr\parabolicibvpsolver.cpp(57): error C2027: use of undefined type 'TwoPointBVPAppr'
  c:\cppsource\charmander\parabolicbvpisolver\bvpappr\twopointbvpappr.h(10): note: see declaration of 'TwoPointBVPAppr'
c:\cppsource\charmander\parabolicbvpisolver\bvpappr\parabolicibvpsolver.cpp(57): error C2227: left of '->get_numsubintervals' must point to class/struct/union/generic type
c:\cppsource\charmander\parabolicbvpisolver\bvpappr\parabolicibvpsolver.cpp(67): error C2027: use of undefined type 'tridiagonal_matrix'
  c:\cppsource\charmander\parabolicbvpisolver\bvpappr\tridiagonal_matrix.h(9): note: see declaration of 'tridiagonal_matrix'
c:\cppsource\charmander\parabolicbvpisolver\bvpappr\parabolicibvpsolver.cpp(69): error C2027: use of undefined type 'TwoPointBVPAppr'
  c:\cppsource\charmander\parabolicbvpisolver\bvpappr\twopointbvpappr.h(10): note: see declaration of 'TwoPointBVPAppr'
c:\cppsource\charmander\parabolicbvpisolver\bvpappr\parabolicibvpsolver.cpp(69): error C2227: left of '->calcDiffusion' must point to class/struct/union/generic type
c:\cppsource\charmander\parabolicbvpisolver\bvpappr\parabolicibvpsolver.cpp(73): error C2027: use of undefined type 'TwoPointBVPAppr'
  c:\cppsource\charmander\parabolicbvpisolver\bvpappr\twopointbvpappr.h(10): note: see declaration of 'TwoPointBVPAppr'
c:\cppsource\charmander\parabolicbvpisolver\bvpappr\parabolicibvpsolver.cpp(73): error C2227: left of '->calcLumpedMass' must point to class/struct/union/generic type
c:\cppsource\charmander\parabolicbvpisolver\bvpappr\parabolicibvpsolver.cpp(81): error C2027: use of undefined type 'tridiagonal_matrix'
  c:\cppsource\charmander\parabolicbvpisolver\bvpappr\tridiagonal_matrix.h(9): note: see declaration of 'tridiagonal_matrix'
c:\cppsource\charmander\parabolicbvpisolver\bvpappr\parabolicibvpsolver.cpp(103): error C2065: 'numtimeintervals': undeclared identifier
c:\cppsource\charmander\parabolicbvpisolver\bvpappr\parabolicibvpsolver.cpp(105): error C2065: 'MInv': undeclared identifier
c:\cppsource\charmander\parabolicbvpisolver\bvpappr\parabolicibvpsolver.cpp(105): error C3861: 'G': identifier not found
c:\cppsource\charmander\parabolicbvpisolver\bvpappr\parabolicibvpsolver.cpp(126): error C2065: 'numtimesteps': undeclared identifier
c:\cppsource\charmander\parabolicbvpisolver\bvpappr\parabolicibvpsolver.cpp(128): error C2065: 'MInv': undeclared identifier
c:\cppsource\charmander\parabolicbvpisolver\bvpappr\parabolicibvpsolver.cpp(128): error C3861: 'G': identifier not found
c:\cppsource\charmander\parabolicbvpisolver\bvpappr\parabolicibvpsolver.cpp(129): error C3861: 'G': identifier not found
  testappr.cpp
c:\cppsource\charmander\parabolicbvpisolver\bvpappr\testappr.cpp(87): error C2664: 'void TwoPointBVP::set_left_bdry(bool,double,double (__cdecl *)(double &))': cannot convert argument 3 from 'double (__cdecl *)(std::vector<double,std::allocator<_Ty>> &)' to 'double (__cdecl *)(double &)'
          with
          [
              _Ty=double
          ]
  c:\cppsource\charmander\parabolicbvpisolver\bvpappr\testappr.cpp(87): note: None of the functions with this name in scope match the target type
c:\cppsource\charmander\parabolicbvpisolver\bvpappr\testappr.cpp(94): error C2065: 'reactioncoeff': undeclared identifier
c:\cppsource\charmander\parabolicbvpisolver\bvpappr\testappr.cpp(94): error C2065: 'dudr': undeclared identifier
c:\cppsource\charmander\parabolicbvpisolver\bvpappr\testappr.cpp(98): error C2065: 'truesol': undeclared identifier
  twoPointBVP.cpp
  TwoPointBVPAppr.cpp
  Generating Code...
c:\cppsource\charmander\parabolicbvpisolver\bvpappr\twopointbvp.cpp(227): error C4700: uninitialized local variable 'val' used
