c:\cppsource\bvpapprsemilinear\bvpappr\debug\vc141.pdb
c:\cppsource\bvpapprsemilinear\bvpappr\debug\vc141.idb
c:\cppsource\bvpapprsemilinear\bvpappr\debug\testappr.obj
c:\cppsource\bvpapprsemilinear\bvpappr\debug\tridiagonal_matrix.obj
c:\cppsource\bvpapprsemilinear\bvpappr\debug\twopointbvp.obj
c:\cppsource\bvpapprsemilinear\bvpappr\debug\twopointbvpappr.obj
c:\cppsource\charmander\parabolicbvpisolver\bvpappr\debug\vc141.pdb
c:\cppsource\charmander\parabolicbvpisolver\bvpappr\debug\vc141.idb
c:\cppsource\charmander\parabolicbvpisolver\bvpappr\debug\twopointbvpappr.obj
c:\cppsource\charmander\parabolicbvpisolver\bvpappr\debug\tridiagonal_matrix.obj
c:\cppsource\charmander\parabolicbvpisolver\bvpappr\debug\testappr.obj
c:\cppsource\bvpapprsemilinear\debug\bvpappr.exe
c:\cppsource\bvpapprsemilinear\debug\bvpappr.ilk
c:\cppsource\bvpapprsemilinear\debug\bvpappr.pdb
c:\cppsource\charmander\parabolicbvpisolver\debug\bvpappr.pdb
c:\cppsource\charmander\parabolicbvpisolver\debug\bvpappr.exe
c:\cppsource\charmander\parabolicbvpisolver\debug\bvpappr.ilk
c:\cppsource\charmander\parabolicbvpisolver\bvpappr\debug\bvpappr.tlog\cl.command.1.tlog
c:\cppsource\charmander\parabolicbvpisolver\bvpappr\debug\bvpappr.tlog\cl.read.1.tlog
c:\cppsource\charmander\parabolicbvpisolver\bvpappr\debug\bvpappr.tlog\cl.write.1.tlog
c:\cppsource\charmander\parabolicbvpisolver\bvpappr\debug\bvpappr.tlog\link.command.1.tlog
c:\cppsource\charmander\parabolicbvpisolver\bvpappr\debug\bvpappr.tlog\link.read.1.tlog
c:\cppsource\charmander\parabolicbvpisolver\bvpappr\debug\bvpappr.tlog\link.write.1.tlog
