c:\users\brent pearce\source\repos\bvpappr\bvpappr\debug\vc141.pdb
c:\users\brent pearce\source\repos\bvpappr\bvpappr\debug\vc141.idb
c:\users\brent pearce\source\repos\bvpappr\bvpappr\debug\testappr.obj
c:\users\brent pearce\source\repos\bvpappr\bvpappr\debug\tridiagonal_matrix.obj
c:\users\brent pearce\source\repos\bvpappr\bvpappr\debug\twopointbvp.obj
c:\users\brent pearce\source\repos\bvpappr\bvpappr\debug\twopointbvpappr.obj
d:\cpp\bvpappr\bvpappr\debug\vc141.pdb
d:\cpp\bvpappr\bvpappr\debug\vc141.idb
d:\cpp\bvpappr\bvpappr\debug\testappr.obj
d:\cpp\bvpappr\bvpappr\debug\tridiagonal_matrix.obj
d:\cpp\bvpappr\bvpappr\debug\twopointbvp.obj
d:\cpp\bvpappr\bvpappr\debug\twopointbvpappr.obj
e:\cpp\bvpappr\bvpappr\debug\vc141.pdb
e:\cpp\bvpappr\bvpappr\debug\vc141.idb
e:\cpp\bvpappr\bvpappr\debug\testappr.obj
e:\cpp\bvpappr\bvpappr\debug\tridiagonal_matrix.obj
e:\cpp\bvpappr\bvpappr\debug\twopointbvp.obj
e:\cpp\bvpappr\bvpappr\debug\twopointbvpappr.obj
c:\users\brent pearce\source\repos\bvpappr\debug\bvpappr.exe
c:\users\brent pearce\source\repos\bvpappr\debug\bvpappr.ilk
c:\users\brent pearce\source\repos\bvpappr\debug\bvpappr.pdb
d:\cpp\bvpappr\debug\bvpappr.exe
d:\cpp\bvpappr\debug\bvpappr.ilk
d:\cpp\bvpappr\debug\bvpappr.pdb
e:\cpp\bvpappr\debug\bvpappr.pdb
e:\cpp\bvpappr\bvpappr\debug\bvpappr.tlog\cl.command.1.tlog
e:\cpp\bvpappr\bvpappr\debug\bvpappr.tlog\cl.read.1.tlog
e:\cpp\bvpappr\bvpappr\debug\bvpappr.tlog\cl.write.1.tlog
e:\cpp\bvpappr\bvpappr\debug\bvpappr.tlog\link.command.1.tlog
e:\cpp\bvpappr\bvpappr\debug\bvpappr.tlog\link.read.1.tlog
e:\cpp\bvpappr\bvpappr\debug\bvpappr.tlog\link.write.1.tlog
